<?xml version="1.0" encoding="UTF-8"?>
<testng-results ignored="0" total="1" passed="1" failed="0" skipped="0">
  <reporter-output>
  </reporter-output>
  <suite started-at="2023-12-06T19:19:30 IST" name="Default suite" finished-at="2023-12-06T19:19:35 IST" duration-ms="4502">
    <groups>
      <group name="cucumber">
        <method signature="AbstractTestNGCucumberTests.runScenario(io.cucumber.testng.PickleWrapper,io.cucumber.testng.FeatureWrapper)[pri:0, instance:runners.CRMStepDef@738dc9b]" name="runScenario" class="io.cucumber.testng.AbstractTestNGCucumberTests"/>
      </group> <!-- cucumber -->
    </groups>
    <test started-at="2023-12-06T19:19:30 IST" name="Default test" finished-at="2023-12-06T19:19:35 IST" duration-ms="4502">
      <class name="runners.CRMStepDef">
        <test-method is-config="true" signature="setUpClass(org.testng.ITestContext)[pri:0, instance:runners.CRMStepDef@738dc9b]" started-at="2023-12-06T19:19:30 IST" name="setUpClass" finished-at="2023-12-06T19:19:32 IST" duration-ms="1182" status="PASS">
          <params>
            <param index="0">
              <value>
                <![CDATA[org.testng.TestRunner@4d96250]]>
              </value>
            </param>
          </params>
          <reporter-output>
          </reporter-output>
        </test-method> <!-- setUpClass -->
        <test-method signature="runScenario(io.cucumber.testng.PickleWrapper,io.cucumber.testng.FeatureWrapper)[pri:0, instance:runners.CRMStepDef@738dc9b]" started-at="2023-12-06T19:19:32 IST" name="runScenario" description="Runs Cucumber Scenarios" data-provider="scenarios" finished-at="2023-12-06T19:19:32 IST" duration-ms="162" status="PASS">
          <params>
            <param index="0">
              <value>
                <![CDATA["Create a new Contact"]]>
              </value>
            </param>
            <param index="1">
              <value>
                <![CDATA["Contacts CRUD Management"]]>
              </value>
            </param>
          </params>
          <reporter-output>
          </reporter-output>
        </test-method> <!-- runScenario -->
        <test-method is-config="true" signature="tearDownClass()[pri:0, instance:runners.CRMStepDef@738dc9b]" started-at="2023-12-06T19:19:32 IST" name="tearDownClass" finished-at="2023-12-06T19:19:35 IST" duration-ms="3090" status="PASS">
          <reporter-output>
          </reporter-output>
        </test-method> <!-- tearDownClass -->
      </class> <!-- runners.CRMStepDef -->
    </test> <!-- Default test -->
  </suite> <!-- Default suite -->
</testng-results>
